<?xml version="1.0" encoding="UTF-8" standalone="yes"?>
<!DOCTYPE report PUBLIC "-//JACOCO//DTD Report 1.1//EN" "report.dtd">
<report name="sample-project">
    <package name="com/example">
        <class name="com/example/AppService" sourcefilename="AppService.java">
            <method name="process" desc="()V" line="10">
                <counter type="LINE" missed="2" covered="8"/>
                <counter type="BRANCH" missed="0" covered="2"/>
                <counter type="METHOD" missed="0" covered="1"/>
            </method>
            <method name="validate" desc="()Z" line="20">
                <counter type="LINE" missed="1" covered="4"/>
                <counter type="BRANCH" missed="1" covered="1"/>
                <counter type="METHOD" missed="0" covered="1"/>
            </method>
            <counter type="LINE" missed="3" covered="12"/>
            <counter type="BRANCH" missed="1" covered="3"/>
            <counter type="METHOD" missed="0" covered="2"/>
            <counter type="CLASS" missed="0" covered="1"/>
        </class>
        <class name="com/example/AppDto" sourcefilename="AppDto.java">
            <method name="getName" desc="()Ljava/lang/String;" line="5">
                <counter type="LINE" missed="0" covered="1"/>
                <counter type="METHOD" missed="0" covered="1"/>
            </method>
            <method name="setName" desc="(Ljava/lang/String;)V" line="9">
                <counter type="LINE" missed="1" covered="0"/>
                <counter type="METHOD" missed="1" covered="0"/>
            </method>
            <counter type="LINE" missed="1" covered="1"/>
            <counter type="METHOD" missed="1" covered="1"/>
            <counter type="CLASS" missed="0" covered="1"/>
        </class>
        <class name="com/example/UtilHelper" sourcefilename="UtilHelper.java">
            <method name="format" desc="(Ljava/lang/String;)Ljava/lang/String;" line="3">
                <counter type="LINE" missed="0" covered="3"/>
                <counter type="BRANCH" missed="0" covered="2"/>
                <counter type="METHOD" missed="0" covered="1"/>
            </method>
            <counter type="LINE" missed="0" covered="3"/>
            <counter type="BRANCH" missed="0" covered="2"/>
            <counter type="METHOD" missed="0" covered="1"/>
            <counter type="CLASS" missed="0" covered="1"/>
        </class>
        <counter type="LINE" missed="4" covered="16"/>
        <counter type="BRANCH" missed="1" covered="5"/>
    </package>
    <counter type="INSTRUCTION" missed="20" covered="80"/>
    <counter type="LINE" missed="4" covered="16"/>
    <counter type="BRANCH" missed="1" covered="5"/>
    <counter type="COMPLEXITY" missed="3" covered="7"/>
    <counter type="METHOD" missed="1" covered="4"/>
    <counter type="CLASS" missed="0" covered="3"/>
</report>
