<?xml version="1.0" encoding="UTF-8" standalone="yes"?>
<!DOCTYPE report PUBLIC "-//JACOCO//DTD Report 1.1//EN" "report.dtd">
<report name="sample-project">
    <package name="com/example">
        <counter type="LINE" missed="10" covered="20"/>
        <counter type="BRANCH" missed="5" covered="15"/>
    </package>
    <counter type="INSTRUCTION" missed="100" covered="200"/>
    <counter type="LINE" missed="45" covered="120"/>
    <counter type="BRANCH" missed="10" covered="30"/>
    <counter type="COMPLEXITY" missed="15" covered="35"/>
    <counter type="METHOD" missed="5" covered="25"/>
    <counter type="CLASS" missed="2" covered="8"/>
</report>
